[03:03:21]GMSV() 消息:/
[03:03:21]GMSV() 消息:Mozilla/5.0
[03:03:21]GMSV() 消息:*/*
[03:03:31]GMSV() 消息:/
[03:03:31]GMSV() 消息:Mozilla/5.0
[03:03:31]GMSV() 消息:*/*
[03:03:42]GMSV() 消息:/
[03:03:42]GMSV() 消息:Mozilla/5.0
[03:03:42]GMSV() 消息:*/*
[10:13:34]GMSV() 消息:
[10:15:22]GMSV() 消息:/
[10:15:22]GMSV() 消息:120.79.247.165:10001
[10:15:22]GMSV() 消息:Mozilla/5.0
[10:15:22]GMSV() 消息:*/*
[10:15:22]GMSV() 消息:keep-alive
[10:16:56]GMSV() 消息:
[10:16:56]GMSV() 消息:
[10:16:56]GMSV() 消息:
[10:16:56]GMSV() 消息:
[16:33:47]GMSV() 消息:
[20:53:33]GMSV() 消息:/
