[03:56:34]GMSV() 消息:/
[03:56:55]GMSV() 消息:/
[03:57:00]GMSV() 消息:/
[03:57:21]GMSV() 消息:
[03:57:28]GMSV() 消息:
[03:57:36]GMSV() 消息:
[03:57:41]GMSV() 消息:
[03:57:46]GMSV() 消息:
[03:57:51]GMSV() 消息:
[03:57:56]GMSV() 消息:
[03:58:11]GMSV() 消息:/nice%20ports%2C/Tri%6Eity.txt%2ebak
[03:58:16]GMSV() 消息:
[03:58:21]GMSV() 消息:
[03:58:21]GMSV() 消息:
[03:58:31]GMSV() 消息:sip:nm
[03:58:31]GMSV() 消息:SIP/2.0/TCP
[03:58:31]GMSV() 消息:<sip:cn@cn>;tag=root
[03:58:31]GMSV() 消息:<sip:vd@vd>
[03:58:31]GMSV() 消息:50000
[03:58:31]GMSV() 消息:42
[03:58:31]GMSV() 消息:70
[03:58:31]GMSV() 消息:0
[03:58:31]GMSV() 消息:<sip:cn@cn>
[03:58:31]GMSV() 消息:application/sdp
[03:59:09]GMSV() 消息:NTP/1.0
[03:59:25]GMSV() 消息:
[03:59:36]GMSV() 消息:
[03:59:41]GMSV() 消息:
[03:59:41]GMSV() 消息:
[03:59:56]GMSV() 消息:
[04:00:01]GMSV() 消息:
[04:00:06]GMSV() 消息:
[04:00:26]GMSV() 消息:
[04:00:26]GMSV() 消息:
[04:00:31]GMSV() 消息:
[04:00:41]GMSV() 消息:
[04:00:51]GMSV() 消息:
[04:01:06]GMSV() 消息:
[04:01:06]GMSV() 消息:
[04:01:11]GMSV() 消息:/server-info
[04:01:11]GMSV() 消息:1.1
[04:01:11]GMSV() 消息:iPhoto/9.1.1
[04:01:21]GMSV() 消息:
[04:01:21]GMSV() 消息:
[04:01:21]GMSV() 消息:
[04:01:31]GMSV() 消息:info
[04:02:02]GMSV() 消息:/version
[04:03:26]GMSV() 消息:
[04:03:26]GMSV() 消息:
[04:03:26]GMSV() 消息:
[04:03:26]GMSV() 消息:
