[02:56:29]GMSV() 消息:/
[04:36:14]GMSV() 消息:/
[18:11:17]GMSV() 消息:/
[18:11:17]GMSV() 消息:120.79.247.165:10001
[18:11:17]GMSV() 消息:Mozilla/5.0
[18:11:17]GMSV() 消息:*/*
[18:11:17]GMSV() 消息:gzip
[18:11:26]GMSV() 消息:
[18:11:26]GMSV() 消息:
[18:11:26]GMSV() 消息:
[18:11:26]GMSV() 消息:
[18:11:33]GMSV() 消息:
[18:12:01]GMSV() 消息:
[18:12:01]GMSV() 消息:
[18:12:01]GMSV() 消息:
[18:12:09]GMSV() 消息:
[18:12:09]GMSV() 消息:
[18:12:09]GMSV() 消息:
[18:48:23]GMSV() 消息:/
[18:48:33]GMSV() 消息:/
[18:48:33]GMSV() 消息:120.79.247.165
[18:48:33]GMSV() 消息:close
[19:53:01]GMSV() 消息:
[19:53:01]GMSV() 消息:
[19:53:01]GMSV() 消息:
[20:23:52]GMSV() 消息:
