[03:50:33]GMSV() 消息:/
[05:41:17]GMSV() 消息:/
[05:41:40]GMSV() 消息:/
[05:41:45]GMSV() 消息:/
[05:42:06]GMSV() 消息:
[05:42:14]GMSV() 消息:
[05:42:22]GMSV() 消息:
[05:42:27]GMSV() 消息:
[05:42:32]GMSV() 消息:
[05:42:37]GMSV() 消息:
[05:42:42]GMSV() 消息:
[05:42:57]GMSV() 消息:/nice%20ports%2C/Tri%6Eity.txt%2ebak
[05:43:02]GMSV() 消息:
[05:43:07]GMSV() 消息:
[05:43:07]GMSV() 消息:
[05:43:17]GMSV() 消息:sip:nm
[05:43:17]GMSV() 消息:SIP/2.0/TCP
[05:43:17]GMSV() 消息:<sip:cn@cn>;tag=root
[05:43:17]GMSV() 消息:<sip:vd@vd>
[05:43:17]GMSV() 消息:50000
[05:43:17]GMSV() 消息:42
[05:43:17]GMSV() 消息:70
[05:43:17]GMSV() 消息:0
[05:43:17]GMSV() 消息:<sip:cn@cn>
[05:43:17]GMSV() 消息:application/sdp
[05:43:55]GMSV() 消息:NTP/1.0
[05:44:10]GMSV() 消息:
[05:44:21]GMSV() 消息:
[05:44:26]GMSV() 消息:
[05:44:26]GMSV() 消息:
[05:44:41]GMSV() 消息:
[05:44:46]GMSV() 消息:
[05:44:51]GMSV() 消息:
[05:45:11]GMSV() 消息:
[05:45:11]GMSV() 消息:
[05:45:17]GMSV() 消息:
[05:45:27]GMSV() 消息:
[05:45:37]GMSV() 消息:
[05:45:52]GMSV() 消息:
[05:45:52]GMSV() 消息:
[05:45:57]GMSV() 消息:/server-info
[05:45:57]GMSV() 消息:1.1
[05:45:57]GMSV() 消息:iPhoto/9.1.1
[05:46:07]GMSV() 消息:
[05:46:07]GMSV() 消息:
[05:46:07]GMSV() 消息:
[05:46:17]GMSV() 消息:info
[05:46:47]GMSV() 消息:/version
[05:48:18]GMSV() 消息:
[05:48:18]GMSV() 消息:
[05:48:18]GMSV() 消息:
[05:48:18]GMSV() 消息:
[05:48:18]GMSV() 消息:
