[19:41:17]GMSV() ╧√╧в:/
[19:41:38]GMSV() ╧√╧в:/
[19:41:44]GMSV() ╧√╧в:/
[19:42:04]GMSV() ╧√╧в:
[19:42:11]GMSV() ╧√╧в:
[19:42:19]GMSV() ╧√╧в:
[19:42:24]GMSV() ╧√╧в:
[19:42:29]GMSV() ╧√╧в:
[19:42:34]GMSV() ╧√╧в:
[19:42:39]GMSV() ╧√╧в:
[19:42:54]GMSV() ╧√╧в:/nice%20ports%2C/Tri%6Eity.txt%2ebak
[19:42:59]GMSV() ╧√╧в:
[19:43:04]GMSV() ╧√╧в:
[19:43:04]GMSV() ╧√╧в:
[19:43:14]GMSV() ╧√╧в:sip:nm
[19:43:14]GMSV() ╧√╧в:SIP/2.0/TCP
[19:43:14]GMSV() ╧√╧в:<sip:cn@cn>;tag=root
[19:43:14]GMSV() ╧√╧в:<sip:vd@vd>
[19:43:14]GMSV() ╧√╧в:50000
[19:43:14]GMSV() ╧√╧в:42
[19:43:14]GMSV() ╧√╧в:70
[19:43:14]GMSV() ╧√╧в:0
[19:43:14]GMSV() ╧√╧в:<sip:cn@cn>
[19:43:14]GMSV() ╧√╧в:application/sdp
[19:43:52]GMSV() ╧√╧в:NTP/1.0
[19:44:07]GMSV() ╧√╧в:
[19:44:18]GMSV() ╧√╧в:
[19:44:23]GMSV() ╧√╧в:
[19:44:23]GMSV() ╧√╧в:
[19:44:38]GMSV() ╧√╧в:
[19:44:43]GMSV() ╧√╧в:
[19:44:48]GMSV() ╧√╧в:
[19:45:09]GMSV() ╧√╧в:
[19:45:09]GMSV() ╧√╧в:
[19:45:14]GMSV() ╧√╧в:
[19:45:24]GMSV() ╧√╧в:
[19:45:34]GMSV() ╧√╧в:
[19:45:49]GMSV() ╧√╧в:
[19:45:49]GMSV() ╧√╧в:
[19:45:54]GMSV() ╧√╧в:/server-info
[19:45:54]GMSV() ╧√╧в:1.1
[19:45:54]GMSV() ╧√╧в:iPhoto/9.1.1
[19:46:04]GMSV() ╧√╧в:
[19:46:04]GMSV() ╧√╧в:
[19:46:04]GMSV() ╧√╧в:
[19:46:14]GMSV() ╧√╧в:info
[19:46:44]GMSV() ╧√╧в:/version
[19:47:36]GMSV() ╧√╧в:
[19:47:36]GMSV() ╧√╧в:
[19:47:36]GMSV() ╧√╧в:
[19:47:36]GMSV() ╧√╧в:
[19:48:02]GMSV() ╧√╧в:
[21:53:50]GMSV() ╧√╧в:/
[21:54:14]GMSV() ╧√╧в:/
[21:54:20]GMSV() ╧√╧в:/
[21:54:41]GMSV() ╧√╧в:
[21:54:49]GMSV() ╧√╧в:
[21:54:57]GMSV() ╧√╧в:
[21:55:02]GMSV() ╧√╧в:
[21:55:07]GMSV() ╧√╧в:
[21:55:12]GMSV() ╧√╧в:
[21:55:17]GMSV() ╧√╧в:
[21:55:33]GMSV() ╧√╧в:/nice%20ports%2C/Tri%6Eity.txt%2ebak
[21:55:38]GMSV() ╧√╧в:
[21:55:43]GMSV() ╧√╧в:
[21:55:43]GMSV() ╧√╧в:
[21:55:53]GMSV() ╧√╧в:sip:nm
[21:55:53]GMSV() ╧√╧в:SIP/2.0/TCP
[21:55:53]GMSV() ╧√╧в:<sip:cn@cn>;tag=root
[21:55:53]GMSV() ╧√╧в:<sip:vd@vd>
[21:55:53]GMSV() ╧√╧в:50000
[21:55:53]GMSV() ╧√╧в:42
[21:55:53]GMSV() ╧√╧в:70
[21:55:53]GMSV() ╧√╧в:0
[21:55:53]GMSV() ╧√╧в:<sip:cn@cn>
[21:55:53]GMSV() ╧√╧в:application/sdp
[21:56:31]GMSV() ╧√╧в:NTP/1.0
[21:56:47]GMSV() ╧√╧в:
[21:56:58]GMSV() ╧√╧в:
[21:57:03]GMSV() ╧√╧в:
[21:57:03]GMSV() ╧√╧в:
[21:57:18]GMSV() ╧√╧в:
[21:57:23]GMSV() ╧√╧в:
[21:57:28]GMSV() ╧√╧в:
[21:57:48]GMSV() ╧√╧в:
[21:57:48]GMSV() ╧√╧в:
[21:57:53]GMSV() ╧√╧в:
[21:58:03]GMSV() ╧√╧в:
[21:58:13]GMSV() ╧√╧в:
[21:58:28]GMSV() ╧√╧в:
[21:58:28]GMSV() ╧√╧в:
[21:58:33]GMSV() ╧√╧в:/server-info
[21:58:33]GMSV() ╧√╧в:1.1
[21:58:33]GMSV() ╧√╧в:iPhoto/9.1.1
[21:58:43]GMSV() ╧√╧в:
[21:58:43]GMSV() ╧√╧в:
[21:58:43]GMSV() ╧√╧в:
[21:58:54]GMSV() ╧√╧в:info
[21:59:24]GMSV() ╧√╧в:/version
[22:00:19]GMSV() ╧√╧в:
[22:00:19]GMSV() ╧√╧в:┤C╛52&^ф┼ур.C▐ОG╙▓66╒╚НЇ╚c░y
[22:00:19]GMSV() ╧√╧в:
[22:00:19]GMSV() ╧√╧в:
[22:00:19]GMSV() ╧√╧в:
