[09:43:00]GMSV() 消息:
[17:03:16]GMSV() 消息:/
[17:03:35]GMSV() 消息:/
[17:03:40]GMSV() 消息:/
[17:04:00]GMSV() 消息:
[17:04:08]GMSV() 消息:
[17:04:16]GMSV() 消息:
[17:04:21]GMSV() 消息:
[17:04:26]GMSV() 消息:
[17:04:31]GMSV() 消息:
[17:04:36]GMSV() 消息:
[17:04:51]GMSV() 消息:/nice%20ports%2C/Tri%6Eity.txt%2ebak
[17:04:56]GMSV() 消息:
[17:05:01]GMSV() 消息:
[17:05:01]GMSV() 消息:
[17:05:11]GMSV() 消息:sip:nm
[17:05:11]GMSV() 消息:SIP/2.0/TCP
[17:05:11]GMSV() 消息:<sip:cn@cn>;tag=root
[17:05:11]GMSV() 消息:<sip:vd@vd>
[17:05:11]GMSV() 消息:50000
[17:05:11]GMSV() 消息:42
[17:05:11]GMSV() 消息:70
[17:05:11]GMSV() 消息:0
[17:05:11]GMSV() 消息:<sip:cn@cn>
[17:05:11]GMSV() 消息:application/sdp
[17:05:49]GMSV() 消息:NTP/1.0
[17:06:04]GMSV() 消息:
[17:06:15]GMSV() 消息:
[17:06:20]GMSV() 消息:
[17:06:20]GMSV() 消息:
[17:06:35]GMSV() 消息:
[17:06:40]GMSV() 消息:
[17:06:45]GMSV() 消息:
[17:07:06]GMSV() 消息:
[17:07:06]GMSV() 消息:
[17:07:11]GMSV() 消息:
[17:07:21]GMSV() 消息:
[17:07:31]GMSV() 消息:
[17:07:46]GMSV() 消息:
[17:07:46]GMSV() 消息:
[17:07:51]GMSV() 消息:/server-info
[17:07:51]GMSV() 消息:1.1
[17:07:51]GMSV() 消息:iPhoto/9.1.1
[17:08:01]GMSV() 消息:
[17:08:01]GMSV() 消息:
[17:08:01]GMSV() 消息:
[17:08:11]GMSV() 消息:info
[17:08:41]GMSV() 消息:/version
[17:09:42]GMSV() 消息:
[17:09:42]GMSV() 消息:K
[17:09:42]GMSV() 消息:
[17:09:42]GMSV() 消息:
[17:09:42]GMSV() 消息:
[17:09:42]GMSV() 消息:
[17:52:17]GMSV() 消息:
